<?xml version="1.0" encoding="UTF-8"?>
<!-- Generated by org.testng.reporters.JUnitReportReporter -->
<testsuite hostname="stray" name="com.danlu.demo_js.Demo2" tests="1" failures="0" timestamp="8 Aug 2015 08:30:18 GMT" time="10.926" errors="0">
  <testcase name="testJs" time="10.926" classname="com.danlu.demo_js.Demo2"/>
</testsuite> <!-- com.danlu.demo_js.Demo2 -->
