<?xml version="1.0" encoding="UTF-8"?>
<!-- Generated by org.testng.reporters.JUnitReportReporter -->
<testsuite hostname="stray" name="com.danlu.testtasks.TestDataProvider002" tests="6" failures="0" timestamp="24 Jul 2015 06:59:36 GMT" time="114.382" errors="0">
  <testcase name="testTcShortPasswordLg" time="15.875" classname="com.danlu.testtasks.TestDataProvider002"/>
  <testcase name="testTcShortPasswordLg" time="16.388" classname="com.danlu.testtasks.TestDataProvider002"/>
  <testcase name="testTcShortPasswordLg" time="23.098" classname="com.danlu.testtasks.TestDataProvider002"/>
  <testcase name="testTcShortPasswordLg" time="14.076" classname="com.danlu.testtasks.TestDataProvider002"/>
  <testcase name="testTcShortPasswordLg" time="18.213" classname="com.danlu.testtasks.TestDataProvider002"/>
  <testcase name="testTcShortPasswordLg" time="26.732" classname="com.danlu.testtasks.TestDataProvider002"/>
</testsuite> <!-- com.danlu.testtasks.TestDataProvider002 -->
