<?xml version="1.0" encoding="UTF-8"?>
<!-- Generated by org.testng.reporters.JUnitReportReporter -->
<testsuite hostname="stray" name="com.danlu.testtasks.Test001" tests="7" failures="0" timestamp="11 Aug 2015 09:45:38 GMT" time="990.824" errors="0">
  <testcase name="getLog" time="0.556" classname="com.danlu.testtasks.Test001"/>
  <testcase name="getUrl" time="1.891" classname="com.danlu.testtasks.Test001"/>
  <testcase name="inputUsername" time="1.721" classname="com.danlu.testtasks.Test001"/>
  <testcase name="waitA" time="0.514" classname="com.danlu.testtasks.Test001"/>
  <testcase name="inputPassword" time="0.504" classname="com.danlu.testtasks.Test001"/>
  <testcase name="verifyLog" time="985.122" classname="com.danlu.testtasks.Test001"/>
  <testcase name="logBtn" time="0.516" classname="com.danlu.testtasks.Test001"/>
</testsuite> <!-- com.danlu.testtasks.Test001 -->
